Using pre-set license
Built from '2020.3/staging' branch; Version is '2020.3.10f1 (297d780c91bc) revision 2719096'; Using compiler version '192528614'; Build Type 'Release'
OS: 'Windows 10 Pro; OS build 19042.746; Version 2009; 64bit' Language: 'ru' Physical Memory: 15789 MB
BatchMode: 1, IsHumanControllingUs: 0, StartBugReporterOnCrash: 0, Is64bit: 1, IsPro: 0

 COMMAND LINE ARGUMENTS:
C:\Program Files\Unity\Hub\Editor\2020.3.10f1\Editor\Unity.exe
-adb2
-batchMode
-noUpm
-name
AssetImportWorker1
-projectPath
D:/Unity Projects/Tikhonov_TZ_QMobi
-logFile
Logs/AssetImportWorker1.log
-srvPort
57971
Successfully changed project path to: D:/Unity Projects/Tikhonov_TZ_QMobi
D:/Unity Projects/Tikhonov_TZ_QMobi
Using Asset Import Pipeline V2.
Refreshing native plugins compatible for Editor in 90.05 ms, found 3 plugins.
Preloading 0 native plugins for Editor in 0.00 ms.
Initialize engine version: 2020.3.10f1 (297d780c91bc)
[Subsystems] Discovering subsystems at path C:/Program Files/Unity/Hub/Editor/2020.3.10f1/Editor/Data/Resources/UnitySubsystems
[Subsystems] Discovering subsystems at path D:/Unity Projects/Tikhonov_TZ_QMobi/Assets
GfxDevice: creating device client; threaded=0
Direct3D:
    Version:  Direct3D 11.0 [level 11.1]
    Renderer: NVIDIA GeForce RTX 2060 (ID=0x1f15)
    Vendor:   
    VRAM:     5980 MB
    Driver:   27.21.14.5167
Initialize mono
Mono path[0] = 'C:/Program Files/Unity/Hub/Editor/2020.3.10f1/Editor/Data/Managed'
Mono path[1] = 'C:/Program Files/Unity/Hub/Editor/2020.3.10f1/Editor/Data/MonoBleedingEdge/lib/mono/unityjit'
Mono config path = 'C:/Program Files/Unity/Hub/Editor/2020.3.10f1/Editor/Data/MonoBleedingEdge/etc'
Using monoOptions --debugger-agent=transport=dt_socket,embedding=1,server=y,suspend=n,address=127.0.0.1:56664
Begin MonoManager ReloadAssembly
Registering precompiled unity dll's ...
Register platform support module: C:/Program Files/Unity/Hub/Editor/2020.3.10f1/Editor/Data/PlaybackEngines/WebGLSupport/UnityEditor.WebGL.Extensions.dll
Register platform support module: C:/Program Files/Unity/Hub/Editor/2020.3.10f1/Editor/Data/PlaybackEngines/WindowsStandaloneSupport/UnityEditor.WindowsStandalone.Extensions.dll
Registered in 0.001642 seconds.
Native extension for WindowsStandalone target not found
Native extension for WebGL target not found
Refreshing native plugins compatible for Editor in 63.36 ms, found 3 plugins.
Preloading 0 native plugins for Editor in 0.00 ms.
Mono: successfully reloaded assembly
- Completed reload, in  2.812 seconds
Platform modules already initialized, skipping
Registering precompiled user dll's ...
Registered in 0.003429 seconds.
Begin MonoManager ReloadAssembly
Native extension for WindowsStandalone target not found
Native extension for WebGL target not found
Refreshing native plugins compatible for Editor in 80.34 ms, found 3 plugins.
Preloading 0 native plugins for Editor in 0.00 ms.
Mono: successfully reloaded assembly
- Completed reload, in  1.667 seconds
Platform modules already initialized, skipping
========================================================================
Worker process is ready to serve import requests
Launched and connected shader compiler UnityShaderCompiler.exe after 0.07 seconds
Refreshing native plugins compatible for Editor in 0.86 ms, found 3 plugins.
Preloading 0 native plugins for Editor in 0.00 ms.
Unloading 2098 Unused Serialized files (Serialized files now loaded: 0)
System memory in use before: 93.8 MB.
System memory in use after: 93.8 MB.

Unloading 34 unused Assets to reduce memory usage. Loaded Objects now: 2536.
Total: 4.694700 ms (FindLiveObjects: 0.336500 ms CreateObjectMapping: 0.131000 ms MarkObjects: 3.988100 ms  DeleteObjects: 0.236100 ms)

========================================================================
Received Import Request.
  path: Assets/Prefabs/Player.prefab
  artifactKey: Guid(5a5d6391c11e7fd439a96256c6c1f9b5) Importer(815301076,1909f56bfc062723c751e8b465ee728b)
Start importing Assets/Prefabs/Player.prefab using Guid(5a5d6391c11e7fd439a96256c6c1f9b5) Importer(815301076,1909f56bfc062723c751e8b465ee728b)  -> (artifact id: '99d7075186d938f44ad9607232cfa160') in 0.165754 seconds
  Import took 0.170605 seconds .

========================================================================
Received Prepare
Registering precompiled user dll's ...
Registered in 0.002616 seconds.
Begin MonoManager ReloadAssembly
Native extension for WindowsStandalone target not found
Native extension for WebGL target not found
Refreshing native plugins compatible for Editor in 0.49 ms, found 3 plugins.
Preloading 0 native plugins for Editor in 0.00 ms.
Mono: successfully reloaded assembly
- Completed reload, in  1.145 seconds
Platform modules already initialized, skipping
Refreshing native plugins compatible for Editor in 0.50 ms, found 3 plugins.
Preloading 0 native plugins for Editor in 0.00 ms.
Unloading 2091 Unused Serialized files (Serialized files now loaded: 0)
System memory in use before: 96.5 MB.
System memory in use after: 96.5 MB.

Unloading 22 unused Assets to reduce memory usage. Loaded Objects now: 2547.
Total: 4.845800 ms (FindLiveObjects: 0.331100 ms CreateObjectMapping: 0.127900 ms MarkObjects: 4.173700 ms  DeleteObjects: 0.210500 ms)

========================================================================
Received Import Request.
  Time since last request: 329.549221 seconds.
  path: Assets/Fonts/Roboto/Roboto-Bold.ttf
  artifactKey: Guid(a2798d3263674e44eaf7f9901621f817) Importer(815301076,1909f56bfc062723c751e8b465ee728b)
Start importing Assets/Fonts/Roboto/Roboto-Bold.ttf using Guid(a2798d3263674e44eaf7f9901621f817) Importer(815301076,1909f56bfc062723c751e8b465ee728b)  -> (artifact id: '800d0fe07e14e130026a4888782050cf') in 0.152329 seconds
  Import took 0.159198 seconds .

========================================================================
Received Import Request.
  Time since last request: 0.000356 seconds.
  path: Assets/Fonts/Roboto/Roboto-BoldItalic.ttf
  artifactKey: Guid(41b63828f8a65be4fa1ad581b14417f7) Importer(815301076,1909f56bfc062723c751e8b465ee728b)
Start importing Assets/Fonts/Roboto/Roboto-BoldItalic.ttf using Guid(41b63828f8a65be4fa1ad581b14417f7) Importer(815301076,1909f56bfc062723c751e8b465ee728b)  -> (artifact id: '064a33a93f045fb4933229fa54aedfe1') in 0.035330 seconds
  Import took 0.042178 seconds .

========================================================================
Received Import Request.
  Time since last request: 0.000473 seconds.
  path: Assets/Fonts/Roboto/Roboto-LightItalic.ttf
  artifactKey: Guid(fa916be6c02839d4f981e1874f79d765) Importer(815301076,1909f56bfc062723c751e8b465ee728b)
Start importing Assets/Fonts/Roboto/Roboto-LightItalic.ttf using Guid(fa916be6c02839d4f981e1874f79d765) Importer(815301076,1909f56bfc062723c751e8b465ee728b)  -> (artifact id: '63f6905d1bf419cb779e87f521ae1408') in 0.032451 seconds
  Import took 0.039260 seconds .

========================================================================
Received Import Request.
  Time since last request: 0.000431 seconds.
  path: Assets/Fonts/Roboto/Roboto-Thin.ttf
  artifactKey: Guid(b5f1473b8dd49114082a8ea300c3abc2) Importer(815301076,1909f56bfc062723c751e8b465ee728b)
Start importing Assets/Fonts/Roboto/Roboto-Thin.ttf using Guid(b5f1473b8dd49114082a8ea300c3abc2) Importer(815301076,1909f56bfc062723c751e8b465ee728b)  -> (artifact id: 'd97aec7664bd8249089812d7c19df852') in 0.034196 seconds
  Import took 0.042966 seconds .

========================================================================
Received Import Request.
  Time since last request: 0.000504 seconds.
  path: Assets/Fonts/Roboto/Roboto-Regular.ttf
  artifactKey: Guid(862f4cbe79ccd344e8232f017f4e2e19) Importer(815301076,1909f56bfc062723c751e8b465ee728b)
Start importing Assets/Fonts/Roboto/Roboto-Regular.ttf using Guid(862f4cbe79ccd344e8232f017f4e2e19) Importer(815301076,1909f56bfc062723c751e8b465ee728b)  -> (artifact id: 'f725483a363e83cb6d9accbf55251186') in 0.031746 seconds
  Import took 0.039821 seconds .

========================================================================
Received Import Request.
  Time since last request: 0.000756 seconds.
  path: Assets/Fonts/Roboto/Roboto-ThinItalic.ttf
  artifactKey: Guid(cdc34e2c1faaa514ca067051d4be6fa0) Importer(815301076,1909f56bfc062723c751e8b465ee728b)
Start importing Assets/Fonts/Roboto/Roboto-ThinItalic.ttf using Guid(cdc34e2c1faaa514ca067051d4be6fa0) Importer(815301076,1909f56bfc062723c751e8b465ee728b)  -> (artifact id: 'c0d55f3ab290fe34f287bbad5c30c63c') in 0.033660 seconds
  Import took 0.041089 seconds .

========================================================================
Received Import Request.
  Time since last request: 0.000497 seconds.
  path: Assets/Fonts/Roboto/Roboto-Medium.ttf
  artifactKey: Guid(c206079729e36314cb0575ce5dd5e584) Importer(815301076,1909f56bfc062723c751e8b465ee728b)
Start importing Assets/Fonts/Roboto/Roboto-Medium.ttf using Guid(c206079729e36314cb0575ce5dd5e584) Importer(815301076,1909f56bfc062723c751e8b465ee728b)  -> (artifact id: 'b6ab3ac042d9ad4e0975495512b6f824') in 0.032946 seconds
  Import took 0.038434 seconds .

========================================================================
Received Import Request.
  Time since last request: 0.000448 seconds.
  path: Assets/Fonts/Roboto/Roboto-Light.ttf
  artifactKey: Guid(e4ba3ed6bee551a49ab715b6fe98d108) Importer(815301076,1909f56bfc062723c751e8b465ee728b)
Start importing Assets/Fonts/Roboto/Roboto-Light.ttf using Guid(e4ba3ed6bee551a49ab715b6fe98d108) Importer(815301076,1909f56bfc062723c751e8b465ee728b)  -> (artifact id: 'fca8dcedf4787d4e91b434db3a1742d9') in 0.030518 seconds
  Import took 0.037939 seconds .

========================================================================
Received Import Request.
  Time since last request: 0.000420 seconds.
  path: Assets/Fonts/Roboto/Roboto-MediumItalic.ttf
  artifactKey: Guid(1f2e14df835617a4db0b3b99a4192aac) Importer(815301076,1909f56bfc062723c751e8b465ee728b)
Start importing Assets/Fonts/Roboto/Roboto-MediumItalic.ttf using Guid(1f2e14df835617a4db0b3b99a4192aac) Importer(815301076,1909f56bfc062723c751e8b465ee728b)  -> (artifact id: 'e6747cd1495c217831615132275e5151') in 0.032064 seconds
  Import took 0.038511 seconds .

========================================================================
Received Import Request.
  Time since last request: 0.000432 seconds.
  path: Assets/Fonts/Roboto/Roboto-Italic.ttf
  artifactKey: Guid(b4f6852b5269aa9478a4d2374799ab1d) Importer(815301076,1909f56bfc062723c751e8b465ee728b)
Start importing Assets/Fonts/Roboto/Roboto-Italic.ttf using Guid(b4f6852b5269aa9478a4d2374799ab1d) Importer(815301076,1909f56bfc062723c751e8b465ee728b)  -> (artifact id: '6714e7099c8db2d439fd981ce9e09723') in 0.031021 seconds
  Import took 0.037894 seconds .

========================================================================
Received Import Request.
  Time since last request: 0.391085 seconds.
  path: Assets/Fonts/Open_Sans/OpenSans-ExtraBoldItalic.ttf
  artifactKey: Guid(9596cdb813347ae43bd77a3f273ae769) Importer(815301076,1909f56bfc062723c751e8b465ee728b)
Start importing Assets/Fonts/Open_Sans/OpenSans-ExtraBoldItalic.ttf using Guid(9596cdb813347ae43bd77a3f273ae769) Importer(815301076,1909f56bfc062723c751e8b465ee728b)  -> (artifact id: '3fd667ebf0501382f9bd464bcc9b6432') in 0.032591 seconds
  Import took 0.040762 seconds .

========================================================================
Received Import Request.
  Time since last request: 0.000493 seconds.
  path: Assets/Fonts/Open_Sans/OpenSans-SemiBold.ttf
  artifactKey: Guid(eabc81eb068d1c74c80594ed65b3a20e) Importer(815301076,1909f56bfc062723c751e8b465ee728b)
Start importing Assets/Fonts/Open_Sans/OpenSans-SemiBold.ttf using Guid(eabc81eb068d1c74c80594ed65b3a20e) Importer(815301076,1909f56bfc062723c751e8b465ee728b)  -> (artifact id: '8755a5f9ce2b2141d226edba7065cea0') in 0.029464 seconds
  Import took 0.036637 seconds .

========================================================================
Received Import Request.
  Time since last request: 0.000608 seconds.
  path: Assets/Fonts/Open_Sans/OpenSans-Regular.ttf
  artifactKey: Guid(01610f5a7baaf454790c4a826628f9ad) Importer(815301076,1909f56bfc062723c751e8b465ee728b)
Start importing Assets/Fonts/Open_Sans/OpenSans-Regular.ttf using Guid(01610f5a7baaf454790c4a826628f9ad) Importer(815301076,1909f56bfc062723c751e8b465ee728b)  -> (artifact id: '8658bcafa9e3d8feab255a7dd4a550d4') in 0.029458 seconds
  Import took 0.037491 seconds .

========================================================================
Received Import Request.
  Time since last request: 0.000550 seconds.
  path: Assets/Fonts/Open_Sans/OpenSans-Light.ttf
  artifactKey: Guid(6d33d72b50a22924c8dae36305d17099) Importer(815301076,1909f56bfc062723c751e8b465ee728b)
Start importing Assets/Fonts/Open_Sans/OpenSans-Light.ttf using Guid(6d33d72b50a22924c8dae36305d17099) Importer(815301076,1909f56bfc062723c751e8b465ee728b)  -> (artifact id: '336c00e8499be6546d8d4301e16cc772') in 0.032082 seconds
  Import took 0.040591 seconds .

========================================================================
Received Import Request.
  Time since last request: 0.000615 seconds.
  path: Assets/Fonts/Open_Sans/OpenSans-Italic.ttf
  artifactKey: Guid(f0f82f60ef96c9a4a9ecf82470707c22) Importer(815301076,1909f56bfc062723c751e8b465ee728b)
Start importing Assets/Fonts/Open_Sans/OpenSans-Italic.ttf using Guid(f0f82f60ef96c9a4a9ecf82470707c22) Importer(815301076,1909f56bfc062723c751e8b465ee728b)  -> (artifact id: '57329237838dc71a2839eff081780e20') in 0.032387 seconds
  Import took 0.041361 seconds .

========================================================================
Received Import Request.
  Time since last request: 0.000509 seconds.
  path: Assets/Fonts/Open_Sans/OpenSans-SemiBoldItalic.ttf
  artifactKey: Guid(cf88939c4bf32fc45942d96ac05ced9d) Importer(815301076,1909f56bfc062723c751e8b465ee728b)
Start importing Assets/Fonts/Open_Sans/OpenSans-SemiBoldItalic.ttf using Guid(cf88939c4bf32fc45942d96ac05ced9d) Importer(815301076,1909f56bfc062723c751e8b465ee728b)  -> (artifact id: '39d48d15be5399f127e1fa9ddd91adbe') in 0.029970 seconds
  Import took 0.038443 seconds .

========================================================================
Received Import Request.
  Time since last request: 0.000506 seconds.
  path: Assets/Fonts/Roboto/Roboto-Black.ttf
  artifactKey: Guid(c250882842d86ad4da8f1fa4f4222103) Importer(815301076,1909f56bfc062723c751e8b465ee728b)
Start importing Assets/Fonts/Roboto/Roboto-Black.ttf using Guid(c250882842d86ad4da8f1fa4f4222103) Importer(815301076,1909f56bfc062723c751e8b465ee728b)  -> (artifact id: '01eaabbdb062207c472949e4ba610b1c') in 0.027442 seconds
  Import took 0.035856 seconds .

========================================================================
Received Import Request.
  Time since last request: 0.000426 seconds.
  path: Assets/Fonts/Open_Sans/OpenSans-ExtraBold.ttf
  artifactKey: Guid(619290b9ef856db4297768f8ba922387) Importer(815301076,1909f56bfc062723c751e8b465ee728b)
Start importing Assets/Fonts/Open_Sans/OpenSans-ExtraBold.ttf using Guid(619290b9ef856db4297768f8ba922387) Importer(815301076,1909f56bfc062723c751e8b465ee728b)  -> (artifact id: '506b25921e7861f1e01080e981ff8c10') in 0.028205 seconds
  Import took 0.035237 seconds .

========================================================================
Received Import Request.
  Time since last request: 0.000474 seconds.
  path: Assets/Fonts/Open_Sans/OpenSans-BoldItalic.ttf
  artifactKey: Guid(9a1df6e1d853c7b409c16348214540c7) Importer(815301076,1909f56bfc062723c751e8b465ee728b)
Start importing Assets/Fonts/Open_Sans/OpenSans-BoldItalic.ttf using Guid(9a1df6e1d853c7b409c16348214540c7) Importer(815301076,1909f56bfc062723c751e8b465ee728b)  -> (artifact id: '4fb1fcaf3f1ba410a18c5c8f28d6d373') in 0.033250 seconds
  Import took 0.041309 seconds .

========================================================================
Received Import Request.
  Time since last request: 0.000499 seconds.
  path: Assets/Fonts/Nunito/Nunito-SemiBold.ttf
  artifactKey: Guid(a267c3d4609b04a4dbddd19831ccd97e) Importer(815301076,1909f56bfc062723c751e8b465ee728b)
Start importing Assets/Fonts/Nunito/Nunito-SemiBold.ttf using Guid(a267c3d4609b04a4dbddd19831ccd97e) Importer(815301076,1909f56bfc062723c751e8b465ee728b)  -> (artifact id: '9d0f5538d7b85df1a443da354400fa49') in 0.030048 seconds
  Import took 0.038225 seconds .

========================================================================
Received Import Request.
  Time since last request: 0.000494 seconds.
  path: Assets/Fonts/Nunito/Nunito-Regular.ttf
  artifactKey: Guid(178522aa49446b84ba4ffd3eec931370) Importer(815301076,1909f56bfc062723c751e8b465ee728b)
Start importing Assets/Fonts/Nunito/Nunito-Regular.ttf using Guid(178522aa49446b84ba4ffd3eec931370) Importer(815301076,1909f56bfc062723c751e8b465ee728b)  -> (artifact id: 'fa026dbf4dc3879d7ba3223889d187dc') in 0.029378 seconds
  Import took 0.037851 seconds .

========================================================================
Received Import Request.
  Time since last request: 0.000556 seconds.
  path: Assets/Fonts/Roboto/Roboto-BlackItalic.ttf
  artifactKey: Guid(2b3f872e64227e1499ccccd356ee1201) Importer(815301076,1909f56bfc062723c751e8b465ee728b)
Start importing Assets/Fonts/Roboto/Roboto-BlackItalic.ttf using Guid(2b3f872e64227e1499ccccd356ee1201) Importer(815301076,1909f56bfc062723c751e8b465ee728b)  -> (artifact id: 'a8302c7b790412667c964b5a816c583a') in 0.033655 seconds
  Import took 0.043025 seconds .

========================================================================
Received Import Request.
  Time since last request: 0.000427 seconds.
  path: Assets/Fonts/Open_Sans/OpenSans-LightItalic.ttf
  artifactKey: Guid(c1ffc925439b41748ab3df317cd62404) Importer(815301076,1909f56bfc062723c751e8b465ee728b)
Start importing Assets/Fonts/Open_Sans/OpenSans-LightItalic.ttf using Guid(c1ffc925439b41748ab3df317cd62404) Importer(815301076,1909f56bfc062723c751e8b465ee728b)  -> (artifact id: 'd1df0a05fb6c1dfe0b13211103823c9e') in 0.030158 seconds
  Import took 0.038305 seconds .

========================================================================
Received Import Request.
  Time since last request: 0.000507 seconds.
  path: Assets/Fonts/Open_Sans/OpenSans-Bold.ttf
  artifactKey: Guid(4471e27cc944adf4186f925e3c5c8a10) Importer(815301076,1909f56bfc062723c751e8b465ee728b)
Start importing Assets/Fonts/Open_Sans/OpenSans-Bold.ttf using Guid(4471e27cc944adf4186f925e3c5c8a10) Importer(815301076,1909f56bfc062723c751e8b465ee728b)  -> (artifact id: '11dd3604f4e478dec0bafa0d6abb23f4') in 0.031714 seconds
  Import took 0.039733 seconds .

========================================================================
Received Import Request.
  Time since last request: 0.000583 seconds.
  path: Assets/Fonts/Nunito/Nunito-Italic.ttf
  artifactKey: Guid(c50a31f518db28245971bf3fccf417b1) Importer(815301076,1909f56bfc062723c751e8b465ee728b)
Start importing Assets/Fonts/Nunito/Nunito-Italic.ttf using Guid(c50a31f518db28245971bf3fccf417b1) Importer(815301076,1909f56bfc062723c751e8b465ee728b)  -> (artifact id: 'b3d41ea457327259c27f6cd10369a223') in 0.028885 seconds
  Import took 0.037533 seconds .

========================================================================
Received Import Request.
  Time since last request: 0.000501 seconds.
  path: Assets/Fonts/Nunito/Nunito-ExtraBold.ttf
  artifactKey: Guid(21be565a0b07e4f4fb922e384ab803aa) Importer(815301076,1909f56bfc062723c751e8b465ee728b)
Start importing Assets/Fonts/Nunito/Nunito-ExtraBold.ttf using Guid(21be565a0b07e4f4fb922e384ab803aa) Importer(815301076,1909f56bfc062723c751e8b465ee728b)  -> (artifact id: '09f5f98501a7bba79ee0d12038fcf14d') in 0.028837 seconds
  Import took 0.036909 seconds .

========================================================================
Received Import Request.
  Time since last request: 0.000509 seconds.
  path: Assets/Fonts/Nunito/Nunito-ExtraLight.ttf
  artifactKey: Guid(b97e936320c529d48bd34f6d7ceef83d) Importer(815301076,1909f56bfc062723c751e8b465ee728b)
Start importing Assets/Fonts/Nunito/Nunito-ExtraLight.ttf using Guid(b97e936320c529d48bd34f6d7ceef83d) Importer(815301076,1909f56bfc062723c751e8b465ee728b)  -> (artifact id: '32f576cd5ad1715c1868c40bfe37f147') in 0.029392 seconds
  Import took 0.037436 seconds .

========================================================================
Received Import Request.
  Time since last request: 0.000569 seconds.
  path: Assets/Fonts/Nunito/Nunito-ExtraBoldItalic.ttf
  artifactKey: Guid(900ece735e2b6c74e881351bc3ac3be4) Importer(815301076,1909f56bfc062723c751e8b465ee728b)
Start importing Assets/Fonts/Nunito/Nunito-ExtraBoldItalic.ttf using Guid(900ece735e2b6c74e881351bc3ac3be4) Importer(815301076,1909f56bfc062723c751e8b465ee728b)  -> (artifact id: '1d7eb718470a93666eeac37980378d86') in 0.029005 seconds
  Import took 0.036757 seconds .

========================================================================
Received Import Request.
  Time since last request: 0.000510 seconds.
  path: Assets/Fonts/Nunito/Nunito-Black.ttf
  artifactKey: Guid(9a4064f1aedfbd44ba96dcce1c5d57c3) Importer(815301076,1909f56bfc062723c751e8b465ee728b)
Start importing Assets/Fonts/Nunito/Nunito-Black.ttf using Guid(9a4064f1aedfbd44ba96dcce1c5d57c3) Importer(815301076,1909f56bfc062723c751e8b465ee728b)  -> (artifact id: 'b0ab6b147b5a019450950d8c01fca93f') in 0.030773 seconds
  Import took 0.039136 seconds .

========================================================================
Received Import Request.
  Time since last request: 0.000464 seconds.
  path: Assets/Fonts/Nunito/Nunito-Light.ttf
  artifactKey: Guid(b3571b93d7598fa4f8d35953e70dd545) Importer(815301076,1909f56bfc062723c751e8b465ee728b)
Start importing Assets/Fonts/Nunito/Nunito-Light.ttf using Guid(b3571b93d7598fa4f8d35953e70dd545) Importer(815301076,1909f56bfc062723c751e8b465ee728b)  -> (artifact id: '6334c30a86bdfa41567e42d854d2b561') in 0.028711 seconds
  Import took 0.036998 seconds .

========================================================================
Received Import Request.
  Time since last request: 0.000543 seconds.
  path: Assets/Fonts/Nunito/Nunito-BoldItalic.ttf
  artifactKey: Guid(0f80e4d3f40b2994a9dc03f5c15a9b56) Importer(815301076,1909f56bfc062723c751e8b465ee728b)
Start importing Assets/Fonts/Nunito/Nunito-BoldItalic.ttf using Guid(0f80e4d3f40b2994a9dc03f5c15a9b56) Importer(815301076,1909f56bfc062723c751e8b465ee728b)  -> (artifact id: 'e1ec03374c1b97ab638f5a5e899d2e33') in 0.028221 seconds
  Import took 0.036288 seconds .

========================================================================
Received Import Request.
  Time since last request: 0.000406 seconds.
  path: Assets/Fonts/Nunito/Nunito-LightItalic.ttf
  artifactKey: Guid(8da1ce37ef8c11c4cbdcfc503a952c74) Importer(815301076,1909f56bfc062723c751e8b465ee728b)
Start importing Assets/Fonts/Nunito/Nunito-LightItalic.ttf using Guid(8da1ce37ef8c11c4cbdcfc503a952c74) Importer(815301076,1909f56bfc062723c751e8b465ee728b)  -> (artifact id: 'c1c5b218f7b81363687f951dbd18e969') in 0.024820 seconds
  Import took 0.031734 seconds .

========================================================================
Received Import Request.
  Time since last request: 0.000403 seconds.
  path: Assets/Fonts/Nunito/Nunito-ExtraLightItalic.ttf
  artifactKey: Guid(fac57b28ac118bd4da5df9cd0105b909) Importer(815301076,1909f56bfc062723c751e8b465ee728b)
Start importing Assets/Fonts/Nunito/Nunito-ExtraLightItalic.ttf using Guid(fac57b28ac118bd4da5df9cd0105b909) Importer(815301076,1909f56bfc062723c751e8b465ee728b)  -> (artifact id: '5dda8a86759bd076b281615fab67e2e4') in 0.022490 seconds
  Import took 0.029772 seconds .

========================================================================
Received Import Request.
  Time since last request: 0.000431 seconds.
  path: Assets/Fonts/Nunito/Nunito-BlackItalic.ttf
  artifactKey: Guid(6a5f971b2eff4dd44b03cae44704ba6c) Importer(815301076,1909f56bfc062723c751e8b465ee728b)
Start importing Assets/Fonts/Nunito/Nunito-BlackItalic.ttf using Guid(6a5f971b2eff4dd44b03cae44704ba6c) Importer(815301076,1909f56bfc062723c751e8b465ee728b)  -> (artifact id: 'efd87e5039321042a59fe8367f8b5b95') in 0.028363 seconds
  Import took 0.035091 seconds .

========================================================================
Received Import Request.
  Time since last request: 0.000482 seconds.
  path: Assets/Fonts/Nunito/Nunito-Bold.ttf
  artifactKey: Guid(36d6e7e0cde79d04984f6729ad2baf93) Importer(815301076,1909f56bfc062723c751e8b465ee728b)
Start importing Assets/Fonts/Nunito/Nunito-Bold.ttf using Guid(36d6e7e0cde79d04984f6729ad2baf93) Importer(815301076,1909f56bfc062723c751e8b465ee728b)  -> (artifact id: '480af52a521f05c4df9e16375a6f6f05') in 0.025398 seconds
  Import took 0.032227 seconds .

========================================================================
Received Import Request.
  Time since last request: 0.000432 seconds.
  path: Assets/Fonts/Nunito/Nunito-SemiBoldItalic.ttf
  artifactKey: Guid(b27e4823253c9904088711cd6339a906) Importer(815301076,1909f56bfc062723c751e8b465ee728b)
Start importing Assets/Fonts/Nunito/Nunito-SemiBoldItalic.ttf using Guid(b27e4823253c9904088711cd6339a906) Importer(815301076,1909f56bfc062723c751e8b465ee728b)  -> (artifact id: '5c35c983028d8bf16a503116ad6cad6b') in 0.024867 seconds
  Import took 0.031639 seconds .

========================================================================
Received Prepare
Registering precompiled user dll's ...
Registered in 0.003452 seconds.
Begin MonoManager ReloadAssembly
Native extension for WindowsStandalone target not found
Native extension for WebGL target not found
Refreshing native plugins compatible for Editor in 0.63 ms, found 3 plugins.
Preloading 0 native plugins for Editor in 0.00 ms.
Mono: successfully reloaded assembly
- Completed reload, in  1.467 seconds
Platform modules already initialized, skipping
Refreshing native plugins compatible for Editor in 0.65 ms, found 3 plugins.
Preloading 0 native plugins for Editor in 0.00 ms.
Unloading 2091 Unused Serialized files (Serialized files now loaded: 0)
System memory in use before: 97.0 MB.
System memory in use after: 96.9 MB.

Unloading 22 unused Assets to reduce memory usage. Loaded Objects now: 2589.
Total: 3.943100 ms (FindLiveObjects: 0.332000 ms CreateObjectMapping: 0.132500 ms MarkObjects: 3.344800 ms  DeleteObjects: 0.131700 ms)

========================================================================
Received Import Request.
  Time since last request: 210.238367 seconds.
  path: Assets/Prefabs/Ammo.prefab
  artifactKey: Guid(11c5ca9dbf700df4d9d577a2bee40d69) Importer(815301076,1909f56bfc062723c751e8b465ee728b)
Start importing Assets/Prefabs/Ammo.prefab using Guid(11c5ca9dbf700df4d9d577a2bee40d69) Importer(815301076,1909f56bfc062723c751e8b465ee728b)  -> (artifact id: '0e1c3221ac8fca823357c0b4356bc764') in 0.065931 seconds
  Import took 0.070224 seconds .

========================================================================
Received Import Request.
  Time since last request: 20.531418 seconds.
  path: Assets/Prefabs/Canvas.prefab
  artifactKey: Guid(a3ed442732a91f847b37cf291a420df1) Importer(815301076,1909f56bfc062723c751e8b465ee728b)
Start importing Assets/Prefabs/Canvas.prefab using Guid(a3ed442732a91f847b37cf291a420df1) Importer(815301076,1909f56bfc062723c751e8b465ee728b)  -> (artifact id: 'c8b57dfa478618941f9a2d8afa790daf') in 0.031807 seconds
  Import took 0.038693 seconds .

========================================================================
Received Import Request.
  Time since last request: 0.001777 seconds.
  path: Assets/Prefabs/Canvas.prefab
  artifactKey: Guid(a3ed442732a91f847b37cf291a420df1) Importer(815301076,1909f56bfc062723c751e8b465ee728b)
Start importing Assets/Prefabs/Canvas.prefab using Guid(a3ed442732a91f847b37cf291a420df1) Importer(815301076,1909f56bfc062723c751e8b465ee728b)  -> (artifact id: 'c8b57dfa478618941f9a2d8afa790daf') in 0.007208 seconds
  Import took 0.014043 seconds .

========================================================================
Received Prepare
Registering precompiled user dll's ...
Registered in 0.005207 seconds.
Begin MonoManager ReloadAssembly
Native extension for WindowsStandalone target not found
Native extension for WebGL target not found
Refreshing native plugins compatible for Editor in 0.48 ms, found 3 plugins.
Preloading 0 native plugins for Editor in 0.00 ms.
Mono: successfully reloaded assembly
- Completed reload, in  1.306 seconds
Platform modules already initialized, skipping
Refreshing native plugins compatible for Editor in 0.75 ms, found 3 plugins.
Preloading 0 native plugins for Editor in 0.00 ms.
Unloading 2091 Unused Serialized files (Serialized files now loaded: 0)
System memory in use before: 97.0 MB.
System memory in use after: 97.0 MB.

Unloading 22 unused Assets to reduce memory usage. Loaded Objects now: 2594.
Total: 3.601700 ms (FindLiveObjects: 0.256500 ms CreateObjectMapping: 0.053700 ms MarkObjects: 3.092000 ms  DeleteObjects: 0.197600 ms)

========================================================================
Received Prepare
Registering precompiled user dll's ...
Registered in 0.004066 seconds.
Begin MonoManager ReloadAssembly
Native extension for WindowsStandalone target not found
Native extension for WebGL target not found
Refreshing native plugins compatible for Editor in 0.96 ms, found 3 plugins.
Preloading 0 native plugins for Editor in 0.00 ms.
Mono: successfully reloaded assembly
- Completed reload, in  1.456 seconds
Platform modules already initialized, skipping
Refreshing native plugins compatible for Editor in 1.03 ms, found 3 plugins.
Preloading 0 native plugins for Editor in 0.00 ms.
Unloading 2091 Unused Serialized files (Serialized files now loaded: 0)
System memory in use before: 97.0 MB.
System memory in use after: 97.0 MB.

Unloading 22 unused Assets to reduce memory usage. Loaded Objects now: 2598.
Total: 5.101600 ms (FindLiveObjects: 0.321200 ms CreateObjectMapping: 0.132400 ms MarkObjects: 4.435200 ms  DeleteObjects: 0.210400 ms)

========================================================================
Received Prepare
Registering precompiled user dll's ...
Registered in 0.002453 seconds.
Begin MonoManager ReloadAssembly
Native extension for WindowsStandalone target not found
Native extension for WebGL target not found
Refreshing native plugins compatible for Editor in 0.76 ms, found 3 plugins.
Preloading 0 native plugins for Editor in 0.00 ms.
Mono: successfully reloaded assembly
- Completed reload, in  1.072 seconds
Platform modules already initialized, skipping
Refreshing native plugins compatible for Editor in 0.73 ms, found 3 plugins.
Preloading 0 native plugins for Editor in 0.00 ms.
Unloading 2091 Unused Serialized files (Serialized files now loaded: 0)
System memory in use before: 97.0 MB.
System memory in use after: 97.0 MB.

Unloading 22 unused Assets to reduce memory usage. Loaded Objects now: 2602.
Total: 4.634200 ms (FindLiveObjects: 0.334800 ms CreateObjectMapping: 0.141200 ms MarkObjects: 3.945000 ms  DeleteObjects: 0.210900 ms)

========================================================================
Received Prepare
Registering precompiled user dll's ...
Registered in 0.002450 seconds.
Begin MonoManager ReloadAssembly
Native extension for WindowsStandalone target not found
Native extension for WebGL target not found
Refreshing native plugins compatible for Editor in 0.74 ms, found 3 plugins.
Preloading 0 native plugins for Editor in 0.00 ms.
Mono: successfully reloaded assembly
- Completed reload, in  1.102 seconds
Platform modules already initialized, skipping
Refreshing native plugins compatible for Editor in 0.59 ms, found 3 plugins.
Preloading 0 native plugins for Editor in 0.00 ms.
Unloading 2091 Unused Serialized files (Serialized files now loaded: 0)
System memory in use before: 97.0 MB.
System memory in use after: 97.0 MB.

Unloading 22 unused Assets to reduce memory usage. Loaded Objects now: 2606.
Total: 3.577000 ms (FindLiveObjects: 0.343900 ms CreateObjectMapping: 0.091000 ms MarkObjects: 3.024900 ms  DeleteObjects: 0.115900 ms)

AssetImportWorkerClient::OnTransportError - code=2 error=End of file
